********************************************************************************
* Unified simulation Tcl App stack trace dump
*
* File: .usf.tcl_error.log (Thu Dec  7 00:25:31 2023)
*
* This file is generated by the unified simulation automation and contains the
* tcl stack trace of error returned by the simulator App for the current run.
*
********************************************************************************
ERROR: [Common 17-577] Internal error: Cannot run timing on a non-timing device

    while executing
"write_verilog -mode timesim -nolib -sdf_anno true -force -file "E:/verilog/project_1/project_1.sim/sim_1/synth/timing/xsim/full_adder_tb_time_synth.v""
    ("eval" body line 1)
    invoked from within
"eval "write_verilog $wv_args""
    (procedure "xcs_write_design_netlist" line 85)
    invoked from within
"xcs_write_design_netlist $a_sim_vars(s_simset)           $a_sim_vars(s_simulation_flow)  $a_sim_vars(s_type)             $a_sim_vars(s_sim_top)       ..."
    (procedure "usf_xsim_setup_simulation" line 58)
    invoked from within
"usf_xsim_setup_simulation"
    (procedure "tclapp::xilinx::xsim::setup" line 24)
    invoked from within
"tclapp::xilinx::xsim::setup { -simset sim_1 -mode post-synthesis -type timing -run_dir E:/verilog/project_1/project_1.sim/sim_1/synth/timing/xsim -int..."
